{"name":"Upload a document that is marked as 'Required' by Org User for the vendor ","status":"broken","statusDetails":{"known":false,"muted":false,"flaky":false,"message":"Cannot run program \"D:\\RIB\": CreateProcess error=2, The system cannot find the file specified","trace":"java.io.IOException: Cannot run program \"D:\\RIB\": CreateProcess error=2, The system cannot find the file specified\r\n\tat java.lang.ProcessBuilder.start(ProcessBuilder.java:1048)\r\n\tat java.lang.Runtime.exec(Runtime.java:621)\r\n\tat java.lang.Runtime.exec(Runtime.java:451)\r\n\tat java.lang.Runtime.exec(Runtime.java:348)\r\n\tat CCS_Connect_SmokeTestSuite.T15_eRFQRequestsTest.Test_upload_Required_documents(T15_eRFQRequestsTest.java:92)\r\n\tat sun.reflect.NativeMethodAccessorImpl.invoke0(Native Method)\r\n\tat sun.reflect.NativeMethodAccessorImpl.invoke(NativeMethodAccessorImpl.java:62)\r\n\tat sun.reflect.DelegatingMethodAccessorImpl.invoke(DelegatingMethodAccessorImpl.java:43)\r\n\tat java.lang.reflect.Method.invoke(Method.java:498)\r\n\tat org.testng.internal.MethodInvocationHelper.invokeMethod(MethodInvocationHelper.java:133)\r\n\tat org.testng.internal.TestInvoker.invokeMethod(TestInvoker.java:598)\r\n\tat org.testng.internal.TestInvoker.invokeTestMethod(TestInvoker.java:173)\r\n\tat org.testng.internal.MethodRunner.runInSequence(MethodRunner.java:46)\r\n\tat org.testng.internal.TestInvoker$MethodInvocationAgent.invoke(TestInvoker.java:824)\r\n\tat org.testng.internal.TestInvoker.invokeTestMethods(TestInvoker.java:146)\r\n\tat org.testng.internal.TestMethodWorker.invokeTestMethods(TestMethodWorker.java:146)\r\n\tat org.testng.internal.TestMethodWorker.run(TestMethodWorker.java:128)\r\n\tat java.util.ArrayList.forEach(ArrayList.java:1259)\r\n\tat org.testng.TestRunner.privateRun(TestRunner.java:794)\r\n\tat org.testng.TestRunner.run(TestRunner.java:596)\r\n\tat org.testng.SuiteRunner.runTest(SuiteRunner.java:377)\r\n\tat org.testng.SuiteRunner.runSequentially(SuiteRunner.java:371)\r\n\tat org.testng.SuiteRunner.privateRun(SuiteRunner.java:332)\r\n\tat org.testng.SuiteRunner.run(SuiteRunner.java:276)\r\n\tat org.testng.SuiteRunnerWorker.runSuite(SuiteRunnerWorker.java:53)\r\n\tat org.testng.SuiteRunnerWorker.run(SuiteRunnerWorker.java:96)\r\n\tat org.testng.TestNG.runSuitesSequentially(TestNG.java:1212)\r\n\tat org.testng.TestNG.runSuitesLocally(TestNG.java:1134)\r\n\tat org.testng.TestNG.runSuites(TestNG.java:1063)\r\n\tat org.testng.TestNG.run(TestNG.java:1031)\r\n\tat com.intellij.rt.testng.IDEARemoteTestNG.run(IDEARemoteTestNG.java:66)\r\n\tat com.intellij.rt.testng.RemoteTestNGStarter.main(RemoteTestNGStarter.java:109)\r\nCaused by: java.io.IOException: CreateProcess error=2, The system cannot find the file specified\r\n\tat java.lang.ProcessImpl.create(Native Method)\r\n\tat java.lang.ProcessImpl.<init>(ProcessImpl.java:444)\r\n\tat java.lang.ProcessImpl.start(ProcessImpl.java:140)\r\n\tat java.lang.ProcessBuilder.start(ProcessBuilder.java:1029)\r\n\t... 31 more\r\n"},"stage":"finished","steps":[],"attachments":[],"parameters":[],"start":1662122614708,"stop":1662122685297,"uuid":"102be50e-24be-4a72-855a-11ed454733e4","historyId":"342197bf2c3b8eafd8ccc89165ad4eb4","fullName":"CCS_Connect_SmokeTestSuite.T15_eRFQRequestsTest.Test_upload_Required_documents","labels":[{"name":"package","value":"CCS_Connect_SmokeTestSuite.T15_eRFQRequestsTest"},{"name":"testClass","value":"CCS_Connect_SmokeTestSuite.T15_eRFQRequestsTest"},{"name":"testMethod","value":"Test_upload_Required_documents"},{"name":"parentSuite","value":"CCS Connect"},{"name":"suite","value":"Login Test Case"},{"name":"subSuite","value":"CCS_Connect_SmokeTestSuite.T15_eRFQRequestsTest"},{"name":"host","value":"WJLP-1604"},{"name":"thread","value":"13644@WJLP-1604.main(1)"},{"name":"framework","value":"testng"},{"name":"language","value":"java"}],"links":[]}