{"name":"Verify the saving of a new vendor","status":"broken","statusDetails":{"known":false,"muted":false,"flaky":false,"message":"Error communicating with the remote browser. It may have died.\nBuild info: version: '4.1.1', revision: 'e8fcc2cecf'\nSystem info: host: 'WJLP-1604', ip: '192.168.0.104', os.name: 'Windows 10', os.arch: 'amd64', os.version: '10.0', java.version: '1.8.0_281'\nDriver info: org.openqa.selenium.chrome.ChromeDriver\nCommand: [880fcb6d3e6491871e83b3c4e3312705, screenshot {}]\nCapabilities {acceptInsecureCerts: true, browserName: chrome, browserVersion: 104.0.5112.102, chrome: {chromedriverVersion: 104.0.5112.79 (3cf3e8c8a07d..., userDataDir: C:\\Users\\amarp\\AppData\\Loca...}, goog:chromeOptions: {debuggerAddress: localhost:61233}, javascriptEnabled: true, networkConnectionEnabled: false, pageLoadStrategy: eager, platform: WINDOWS, platformName: WINDOWS, proxy: Proxy(), se:cdp: ws://localhost:61233/devtoo..., se:cdpVersion: 104.0.5112.102, setWindowRect: true, strictFileInteractability: false, timeouts: {implicit: 0, pageLoad: 300000, script: 30000}, unhandledPromptBehavior: dismiss and notify, webauthn:extension:credBlob: true, webauthn:extension:largeBlob: true, webauthn:virtualAuthenticators: true}\nSession ID: 880fcb6d3e6491871e83b3c4e3312705","trace":"org.openqa.selenium.remote.UnreachableBrowserException: Error communicating with the remote browser. It may have died.\nBuild info: version: '4.1.1', revision: 'e8fcc2cecf'\nSystem info: host: 'WJLP-1604', ip: '192.168.0.104', os.name: 'Windows 10', os.arch: 'amd64', os.version: '10.0', java.version: '1.8.0_281'\nDriver info: org.openqa.selenium.chrome.ChromeDriver\nCommand: [880fcb6d3e6491871e83b3c4e3312705, screenshot {}]\nCapabilities {acceptInsecureCerts: true, browserName: chrome, browserVersion: 104.0.5112.102, chrome: {chromedriverVersion: 104.0.5112.79 (3cf3e8c8a07d..., userDataDir: C:\\Users\\amarp\\AppData\\Loca...}, goog:chromeOptions: {debuggerAddress: localhost:61233}, javascriptEnabled: true, networkConnectionEnabled: false, pageLoadStrategy: eager, platform: WINDOWS, platformName: WINDOWS, proxy: Proxy(), se:cdp: ws://localhost:61233/devtoo..., se:cdpVersion: 104.0.5112.102, setWindowRect: true, strictFileInteractability: false, timeouts: {implicit: 0, pageLoad: 300000, script: 30000}, unhandledPromptBehavior: dismiss and notify, webauthn:extension:credBlob: true, webauthn:extension:largeBlob: true, webauthn:virtualAuthenticators: true}\nSession ID: 880fcb6d3e6491871e83b3c4e3312705\r\n\tat org.openqa.selenium.remote.RemoteWebDriver.execute(RemoteWebDriver.java:567)\r\n\tat org.openqa.selenium.remote.RemoteWebDriver.execute(RemoteWebDriver.java:598)\r\n\tat org.openqa.selenium.remote.RemoteWebDriver.execute(RemoteWebDriver.java:602)\r\n\tat org.openqa.selenium.remote.RemoteWebDriver.getScreenshotAs(RemoteWebDriver.java:333)\r\n\tat iTWO_Factory.DriverFactory.getScreenshot(DriverFactory.java:69)\r\n\tat iTWO_Listeners.ExtentReportListeners.onTestFailure(ExtentReportListeners.java:106)\r\n\tat org.testng.internal.TestListenerHelper.runTestListeners(TestListenerHelper.java:96)\r\n\tat org.testng.internal.TestInvoker.runTestResultListener(TestInvoker.java:219)\r\n\tat org.testng.internal.TestInvoker.invokeMethod(TestInvoker.java:656)\r\n\tat org.testng.internal.TestInvoker.invokeTestMethod(TestInvoker.java:173)\r\n\tat org.testng.internal.MethodRunner.runInSequence(MethodRunner.java:46)\r\n\tat org.testng.internal.TestInvoker$MethodInvocationAgent.invoke(TestInvoker.java:824)\r\n\tat org.testng.internal.TestInvoker.invokeTestMethods(TestInvoker.java:146)\r\n\tat org.testng.internal.TestMethodWorker.invokeTestMethods(TestMethodWorker.java:146)\r\n\tat org.testng.internal.TestMethodWorker.run(TestMethodWorker.java:128)\r\n\tat java.util.ArrayList.forEach(ArrayList.java:1259)\r\n\tat org.testng.TestRunner.privateRun(TestRunner.java:794)\r\n\tat org.testng.TestRunner.run(TestRunner.java:596)\r\n\tat org.testng.SuiteRunner.runTest(SuiteRunner.java:377)\r\n\tat org.testng.SuiteRunner.runSequentially(SuiteRunner.java:371)\r\n\tat org.testng.SuiteRunner.privateRun(SuiteRunner.java:332)\r\n\tat org.testng.SuiteRunner.run(SuiteRunner.java:276)\r\n\tat org.testng.SuiteRunnerWorker.runSuite(SuiteRunnerWorker.java:53)\r\n\tat org.testng.SuiteRunnerWorker.run(SuiteRunnerWorker.java:96)\r\n\tat org.testng.TestNG.runSuitesSequentially(TestNG.java:1212)\r\n\tat org.testng.TestNG.runSuitesLocally(TestNG.java:1134)\r\n\tat org.testng.TestNG.runSuites(TestNG.java:1063)\r\n\tat org.testng.TestNG.run(TestNG.java:1031)\r\n\tat com.intellij.rt.testng.IDEARemoteTestNG.run(IDEARemoteTestNG.java:66)\r\n\tat com.intellij.rt.testng.RemoteTestNGStarter.main(RemoteTestNGStarter.java:109)\r\nCaused by: java.lang.RuntimeException: NettyHttpHandler request execution error\r\n\tat org.openqa.selenium.remote.http.netty.NettyHttpHandler.makeCall(NettyHttpHandler.java:83)\r\n\tat org.openqa.selenium.remote.http.RetryRequest.lambda$apply$6(RetryRequest.java:83)\r\n\tat net.jodah.failsafe.Functions.lambda$get$0(Functions.java:48)\r\n\tat net.jodah.failsafe.RetryPolicyExecutor.lambda$supply$0(RetryPolicyExecutor.java:66)\r\n\tat net.jodah.failsafe.RetryPolicyExecutor.lambda$supply$0(RetryPolicyExecutor.java:66)\r\n\tat net.jodah.failsafe.RetryPolicyExecutor.lambda$supply$0(RetryPolicyExecutor.java:66)\r\n\tat net.jodah.failsafe.Execution.executeSync(Execution.java:128)\r\n\tat net.jodah.failsafe.FailsafeExecutor.call(FailsafeExecutor.java:379)\r\n\tat net.jodah.failsafe.FailsafeExecutor.get(FailsafeExecutor.java:68)\r\n\tat org.openqa.selenium.remote.http.RetryRequest.lambda$apply$7(RetryRequest.java:83)\r\n\tat org.openqa.selenium.remote.http.AddSeleniumUserAgent.lambda$apply$0(AddSeleniumUserAgent.java:42)\r\n\tat org.openqa.selenium.remote.http.Filter.lambda$andFinally$1(Filter.java:56)\r\n\tat org.openqa.selenium.remote.http.netty.NettyHttpHandler.execute(NettyHttpHandler.java:51)\r\n\tat org.openqa.selenium.remote.http.RetryRequest.lambda$apply$6(RetryRequest.java:83)\r\n\tat net.jodah.failsafe.Functions.lambda$get$0(Functions.java:48)\r\n\tat net.jodah.failsafe.RetryPolicyExecutor.lambda$supply$0(RetryPolicyExecutor.java:66)\r\n\tat net.jodah.failsafe.RetryPolicyExecutor.lambda$supply$0(RetryPolicyExecutor.java:66)\r\n\tat net.jodah.failsafe.RetryPolicyExecutor.lambda$supply$0(RetryPolicyExecutor.java:66)\r\n\tat net.jodah.failsafe.Execution.executeSync(Execution.java:128)\r\n\tat net.jodah.failsafe.FailsafeExecutor.call(FailsafeExecutor.java:379)\r\n\tat net.jodah.failsafe.FailsafeExecutor.get(FailsafeExecutor.java:68)\r\n\tat org.openqa.selenium.remote.http.RetryRequest.lambda$apply$7(RetryRequest.java:83)\r\n\tat org.openqa.selenium.remote.http.AddSeleniumUserAgent.lambda$apply$0(AddSeleniumUserAgent.java:42)\r\n\tat org.openqa.selenium.remote.http.Filter.lambda$andFinally$1(Filter.java:56)\r\n\tat org.openqa.selenium.remote.http.netty.NettyClient.execute(NettyClient.java:110)\r\n\tat org.openqa.selenium.remote.HttpCommandExecutor.execute(HttpCommandExecutor.java:181)\r\n\tat org.openqa.selenium.remote.service.DriverCommandExecutor.invokeExecute(DriverCommandExecutor.java:167)\r\n\tat org.openqa.selenium.remote.service.DriverCommandExecutor.execute(DriverCommandExecutor.java:142)\r\n\tat org.openqa.selenium.remote.RemoteWebDriver.execute(RemoteWebDriver.java:543)\r\n\t... 29 more\r\nCaused by: java.util.concurrent.ExecutionException: java.util.concurrent.TimeoutException: Request timeout to localhost/127.0.0.1:60490 after 180000 ms\r\n\tat java.util.concurrent.CompletableFuture.reportGet(CompletableFuture.java:357)\r\n\tat java.util.concurrent.CompletableFuture.get(CompletableFuture.java:1928)\r\n\tat org.asynchttpclient.netty.NettyResponseFuture.get(NettyResponseFuture.java:206)\r\n\tat org.openqa.selenium.remote.http.netty.NettyHttpHandler.makeCall(NettyHttpHandler.java:66)\r\n\t... 57 more\r\nCaused by: java.util.concurrent.TimeoutException: Request timeout to localhost/127.0.0.1:60490 after 180000 ms\r\n\tat org.asynchttpclient.netty.timeout.TimeoutTimerTask.expire(TimeoutTimerTask.java:43)\r\n\tat org.asynchttpclient.netty.timeout.RequestTimeoutTimerTask.run(RequestTimeoutTimerTask.java:50)\r\n\tat io.netty.util.HashedWheelTimer$HashedWheelTimeout.run(HashedWheelTimer.java:715)\r\n\tat io.netty.util.concurrent.ImmediateExecutor.execute(ImmediateExecutor.java:34)\r\n\tat io.netty.util.HashedWheelTimer$HashedWheelTimeout.expire(HashedWheelTimer.java:703)\r\n\tat io.netty.util.HashedWheelTimer$HashedWheelBucket.expireTimeouts(HashedWheelTimer.java:790)\r\n\tat io.netty.util.HashedWheelTimer$Worker.run(HashedWheelTimer.java:503)\r\n\tat io.netty.util.concurrent.FastThreadLocalRunnable.run(FastThreadLocalRunnable.java:30)\r\n\tat java.lang.Thread.run(Thread.java:748)\r\n"},"stage":"finished","steps":[],"attachments":[],"parameters":[],"start":1661747756410,"stop":1661747756410,"uuid":"f872fa32-9b37-473d-a965-c841bab9e81f","historyId":"b4f2f4cd8e8e08c7c4e35a2abd6200ff","fullName":"CCS_Connect_SmokeTestSuite.T12_Vendor_ManagementTest.Test_Add_Vendor","labels":[{"name":"package","value":"CCS_Connect_SmokeTestSuite.T12_Vendor_ManagementTest"},{"name":"testClass","value":"CCS_Connect_SmokeTestSuite.T12_Vendor_ManagementTest"},{"name":"testMethod","value":"Test_Add_Vendor"},{"name":"parentSuite","value":"CCS Connect"},{"name":"suite","value":"Login Test Case"},{"name":"subSuite","value":"CCS_Connect_SmokeTestSuite.T12_Vendor_ManagementTest"},{"name":"host","value":"WJLP-1604"},{"name":"thread","value":"15592@WJLP-1604.main(1)"},{"name":"framework","value":"testng"},{"name":"language","value":"java"}],"links":[]}